error[E0308]: mismatched types
  --> tests/ui/compile_fail/wrong_type.rs:19:24
   |
19 |     let test: String = template.test_copyright_year7(Cow::from("2023".to_string()));
   |                        ^^^^^^^^^^^^^^^^^^^^^^^^^^^^^^^^^^^^^^^^^^^^^^^^^^^^^^^^^^^^ expected `String`, found `()`

error[E0308]: mismatched types
  --> tests/ui/compile_fail/wrong_type.rs:10:1
   |
10 | #[template_stream("test.html.hbs")]
   | ^^^^^^^^^^^^^^^^^^^^^^^^^^^^^^^^^^^ expected `String`, found `()`
   |
   = note: this error originates in the attribute macro `template_stream` (in Nightly builds, run with -Z macro-backtrace for more info)
